*** 定数 ***

*** BSSセグメント ***
0000          	_MEM	DS	1
0000          	.window	DS	1

*** ヘッダ ***
magic = 0107
text  = 01c2
data  = 000a
bss   = 0002
syms  = 004a
entry = 0000
trsize= 008a
drsize= 0004

*** TEXTセグメント ***
0000 c0c0     	_showMusicName	PUSH	FP
0001 0ccd     		LD	FP,SP
0002 081f 0001		LD	G1,#1
0004 c010     		PUSH	G1
0005 081f 0001		LD	G1,#1
0007 c010     		PUSH	G1
0008 0810 0000		LD	G1,.window
000a c010     		PUSH	G1
000b a000 0000		CALL	_wMove
000d 18df 0003		ADD	SP,#3
000f 081f 0176		LD	G1,#.L3
0011 c010     		PUSH	G1
0012 0810 0000		LD	G1,.window
0014 c010     		PUSH	G1
0015 a000 0000		CALL	_wPrintf
0017 18df 0002		ADD	SP,#2
0019 081c 0002		LD	G1,2,FP
001b c010     		PUSH	G1
001c 0810 0000		LD	G1,.window
001e c010     		PUSH	G1
001f a000 0000		CALL	_wPuts
0021 18df 0002		ADD	SP,#2
0023 c4c0     		POP	FP
0024 d000     		RET
0025 c0c0     	_showArtistName	PUSH	FP
0026 0ccd     		LD	FP,SP
0027 081f 0001		LD	G1,#1
0029 c010     		PUSH	G1
002a 081f 0002		LD	G1,#2
002c c010     		PUSH	G1
002d 0810 0000		LD	G1,.window
002f c010     		PUSH	G1
0030 a000 0000		CALL	_wMove
0032 18df 0003		ADD	SP,#3
0034 081f 0180		LD	G1,#.L4
0036 c010     		PUSH	G1
0037 0810 0000		LD	G1,.window
0039 c010     		PUSH	G1
003a a000 0000		CALL	_wPrintf
003c 18df 0002		ADD	SP,#2
003e 081c 0002		LD	G1,2,FP
0040 c010     		PUSH	G1
0041 0810 0000		LD	G1,.window
0043 c010     		PUSH	G1
0044 a000 0000		CALL	_wPuts
0046 18df 0002		ADD	SP,#2
0048 c4c0     		POP	FP
0049 d000     		RET
004a c0c0     	_showPlaytime	PUSH	FP
004b 0ccd     		LD	FP,SP
004c 081f 0001		LD	G1,#1
004e c010     		PUSH	G1
004f 081f 000a		LD	G1,#10
0051 c010     		PUSH	G1
0052 0810 0000		LD	G1,.window
0054 c010     		PUSH	G1
0055 a000 0000		CALL	_wMove
0057 18df 0003		ADD	SP,#3
0059 081f 018a		LD	G1,#.L5
005b c010     		PUSH	G1
005c 0810 0000		LD	G1,.window
005e c010     		PUSH	G1
005f a000 0000		CALL	_wPrintf
0061 18df 0002		ADD	SP,#2
0063 082c 0002		LD	G2,2,FP
0065 4433     		XOR	G3,G3
0066 502f 003c		DIV	G2,#60
0068 c020     		PUSH	G2
0069 081f 0194		LD	G1,#.L6
006b c010     		PUSH	G1
006c 0810 0000		LD	G1,.window
006e c010     		PUSH	G1
006f a000 0000		CALL	_wPrintf
0071 18df 0003		ADD	SP,#3
0073 082c 0002		LD	G2,2,FP
0075 4433     		XOR	G3,G3
0076 502f 003c		DIV	G2,#60
0078 0c23     		LD	G2,G3
0079 c020     		PUSH	G2
007a 081f 0199		LD	G1,#.L7
007c c010     		PUSH	G1
007d 0810 0000		LD	G1,.window
007f c010     		PUSH	G1
0080 a000 0000		CALL	_wPrintf
0082 18df 0003		ADD	SP,#3
0084 082c 0003		LD	G2,3,FP
0086 4433     		XOR	G3,G3
0087 502f 003c		DIV	G2,#60
0089 c020     		PUSH	G2
008a 081f 019f		LD	G1,#.L8
008c c010     		PUSH	G1
008d 0810 0000		LD	G1,.window
008f c010     		PUSH	G1
0090 a000 0000		CALL	_wPrintf
0092 18df 0003		ADD	SP,#3
0094 082c 0003		LD	G2,3,FP
0096 4433     		XOR	G3,G3
0097 502f 003c		DIV	G2,#60
0099 0c23     		LD	G2,G3
009a c020     		PUSH	G2
009b 081f 01a7		LD	G1,#.L9
009d c010     		PUSH	G1
009e 0810 0000		LD	G1,.window
00a0 c010     		PUSH	G1
00a1 a000 0000		CALL	_wPrintf
00a3 18df 0003		ADD	SP,#3
00a5 c4c0     		POP	FP
00a6 d000     		RET
00a7 c0c0     	_showVolume	PUSH	FP
00a8 0ccd     		LD	FP,SP
00a9 081f 0001		LD	G1,#1
00ab c010     		PUSH	G1
00ac 081f 000b		LD	G1,#11
00ae c010     		PUSH	G1
00af 0810 0000		LD	G1,.window
00b1 c010     		PUSH	G1
00b2 a000 0000		CALL	_wMove
00b4 18df 0003		ADD	SP,#3
00b6 081f 01ad		LD	G1,#.L10
00b8 c010     		PUSH	G1
00b9 0810 0000		LD	G1,.window
00bb c010     		PUSH	G1
00bc a000 0000		CALL	_wPrintf
00be 18df 0002		ADD	SP,#2
00c0 081c 0002		LD	G1,2,FP
00c2 c010     		PUSH	G1
00c3 081f 01b7		LD	G1,#.L11
00c5 c010     		PUSH	G1
00c6 0810 0000		LD	G1,.window
00c8 c010     		PUSH	G1
00c9 a000 0000		CALL	_wPrintf
00cb 18df 0003		ADD	SP,#3
00cd c4c0     		POP	FP
00ce d000     		RET
00cf c0c0     	_createWinR	PUSH	FP
00d0 0ccd     		LD	FP,SP
00d1 c060     		PUSH	G6
00d2 c070     		PUSH	G7
00d3 081f 002c		LD	G1,#44
00d5 c010     		PUSH	G1
00d6 081f 0012		LD	G1,#18
00d8 c010     		PUSH	G1
00d9 081f 0023		LD	G1,#35
00db c010     		PUSH	G1
00dc 4411     		XOR	G1,G1
00dd c010     		PUSH	G1
00de a000 0000		CALL	_newWin
00e0 18df 0004		ADD	SP,#4
00e2 1000 0000		ST	G0,.window
00e4 0810 0000		LD	G1,.window
00e6 c010     		PUSH	G1
00e7 a000 0000		CALL	_wClear
00e9 18df 0001		ADD	SP,#1
00eb 4466     		XOR	G6,G6
00ec          	.L12
00ec 286f 0004		CMP	G6,#4
00ee 9500 0113		JGE	.L13
00f0 0820 01cb		LD	G2,.xi
00f2 1c26     		ADD	G2,G6
00f3 0812 0000		LD	G1,0,G2
00f5 c010     		PUSH	G1
00f6 0820 01c6		LD	G2,.yi
00f8 1c26     		ADD	G2,G6
00f9 0812 0000		LD	G1,0,G2
00fb c010     		PUSH	G1
00fc 0810 0000		LD	G1,.window
00fe c010     		PUSH	G1
00ff a000 0000		CALL	_wMove
0101 18df 0003		ADD	SP,#3
0103 081f 002b		LD	G1,#43
0105 c010     		PUSH	G1
0106 0810 0000		LD	G1,.window
0108 c010     		PUSH	G1
0109 a000 0000		CALL	_wPutc
010b 18df 0002		ADD	SP,#2
010d 0c26     		LD	G2,G6
010e 182f 0001		ADD	G2,#1
0110 0c62     		LD	G6,G2
0111 9f00 00ec		JMP	.L12
0113          	.L13
0113 086f 0001		LD	G6,#1
0115          	.L14
0115 286f 0003		CMP	G6,#3
0117 9500 0143		JGE	.L15
0119 087f 0001		LD	G7,#1
011b          	.L16
011b 287f 002b		CMP	G7,#43
011d 9500 013d		JGE	.L17
011f c070     		PUSH	G7
0120 0820 01c6		LD	G2,.yi
0122 1c26     		ADD	G2,G6
0123 0812 0000		LD	G1,0,G2
0125 c010     		PUSH	G1
0126 0810 0000		LD	G1,.window
0128 c010     		PUSH	G1
0129 a000 0000		CALL	_wMove
012b 18df 0003		ADD	SP,#3
012d 081f 002d		LD	G1,#45
012f c010     		PUSH	G1
0130 0810 0000		LD	G1,.window
0132 c010     		PUSH	G1
0133 a000 0000		CALL	_wPutc
0135 18df 0002		ADD	SP,#2
0137 0c27     		LD	G2,G7
0138 182f 0001		ADD	G2,#1
013a 0c72     		LD	G7,G2
013b 9f00 011b		JMP	.L16
013d          	.L17
013d 0c26     		LD	G2,G6
013e 182f 0001		ADD	G2,#1
0140 0c62     		LD	G6,G2
0141 9f00 0115		JMP	.L14
0143          	.L15
0143 4466     		XOR	G6,G6
0144          	.L18
0144 286f 0002		CMP	G6,#2
0146 9500 0172		JGE	.L19
0148 087f 0001		LD	G7,#1
014a          	.L20
014a 287f 0011		CMP	G7,#17
014c 9500 016c		JGE	.L21
014e 0820 01cb		LD	G2,.xi
0150 1c26     		ADD	G2,G6
0151 0812 0000		LD	G1,0,G2
0153 c010     		PUSH	G1
0154 c070     		PUSH	G7
0155 0810 0000		LD	G1,.window
0157 c010     		PUSH	G1
0158 a000 0000		CALL	_wMove
015a 18df 0003		ADD	SP,#3
015c 081f 007c		LD	G1,#124
015e c010     		PUSH	G1
015f 0810 0000		LD	G1,.window
0161 c010     		PUSH	G1
0162 a000 0000		CALL	_wPutc
0164 18df 0002		ADD	SP,#2
0166 0c27     		LD	G2,G7
0167 182f 0001		ADD	G2,#1
0169 0c72     		LD	G7,G2
016a 9f00 014a		JMP	.L20
016c          	.L21
016c 0c26     		LD	G2,G6
016d 182f 0001		ADD	G2,#1
016f 0c62     		LD	G6,G2
0170 9f00 0144		JMP	.L18
0172          	.L19
0172 c470     		POP	G7
0173 c460     		POP	G6
0174 c4c0     		POP	FP
0175 d000     		RET
0176 004d 0055	.L3	STRING	"MUSIC  : "
0178 0053 0049
017a 0043 0020
017c 0020 003a
017e 0020 0000
0180 0041 0052	.L4	STRING	"ARTIST : "
0182 0054 0049
0184 0053 0054
0186 0020 003a
0188 0020 0000
018a 0054 0049	.L5	STRING	"TIME   : "
018c 004d 0045
018e 0020 0020
0190 0020 003a
0192 0020 0000
0194 0025 0030	.L6	STRING	"%02d"
0196 0032 0064
0198 0000
0199 003a 0025	.L7	STRING	":%02d"
019b 0030 0032
019d 0064 0000
019f 0020 002f	.L8	STRING	" / %02d"
01a1 0020 0025
01a3 0030 0032
01a5 0064 0000
01a7 003a 0025	.L9	STRING	":%02d"
01a9 0030 0032
01ab 0064 0000
01ad 0056 004f	.L10	STRING	"VOLUME : "
01af 004c 0055
01b1 004d 0045
01b3 0020 003a
01b5 0020 0000
01b7 0025 0030	.L11	STRING	"%03d / 125"
01b9 0033 0064
01bb 0020 002f
01bd 0020 0031
01bf 0032 0035
01c1 0000

*** DATAセグメント ***
01c2 0000     	.L1	DC	0
01c3 0000     		DC	0
01c4 0012     		DC	18
01c5 0012     		DC	18
01c6 01c2     	.yi	DC	.L1
01c7 0000     	.L2	DC	0
01c8 002c     		DC	44
01c9 0000     		DC	0
01ca 002c     		DC	44
01cb 01c7     	.xi	DC	.L2

*** 再配置表 ***
TR領域
Addr	Name	Type	No.
0009	.window	BSS	  7
000c	_wMove	UNDF	  8
0010	.L3	TEXT	  5
0013	.window	BSS	  7
0016	_wPrintf	UNDF	  9
001d	.window	BSS	  7
0020	_wPuts	UNDF	 10
002e	.window	BSS	  7
0031	_wMove	UNDF	  8
0035	.L4	TEXT	 11
0038	.window	BSS	  7
003b	_wPrintf	UNDF	  9
0042	.window	BSS	  7
0045	_wPuts	UNDF	 10
0053	.window	BSS	  7
0056	_wMove	UNDF	  8
005a	.L5	TEXT	 13
005d	.window	BSS	  7
0060	_wPrintf	UNDF	  9
006a	.L6	TEXT	 14
006d	.window	BSS	  7
0070	_wPrintf	UNDF	  9
007b	.L7	TEXT	 15
007e	.window	BSS	  7
0081	_wPrintf	UNDF	  9
008b	.L8	TEXT	 16
008e	.window	BSS	  7
0091	_wPrintf	UNDF	  9
009c	.L9	TEXT	 17
009f	.window	BSS	  7
00a2	_wPrintf	UNDF	  9
00b0	.window	BSS	  7
00b3	_wMove	UNDF	  8
00b7	.L10	TEXT	 19
00ba	.window	BSS	  7
00bd	_wPrintf	UNDF	  9
00c4	.L11	TEXT	 20
00c7	.window	BSS	  7
00ca	_wPrintf	UNDF	  9
00df	_newWin	UNDF	 23
00e3	.window	BSS	  7
00e5	.window	BSS	  7
00e8	_wClear	UNDF	 24
00ef	.L13	TEXT	 26
00f1	.xi	DATA	  4
00f7	.yi	DATA	  2
00fd	.window	BSS	  7
0100	_wMove	UNDF	  8
0107	.window	BSS	  7
010a	_wPutc	UNDF	 27
0112	.L12	TEXT	 25
0118	.L15	TEXT	 29
011e	.L17	TEXT	 31
0121	.yi	DATA	  2
0127	.window	BSS	  7
012a	_wMove	UNDF	  8
0131	.window	BSS	  7
0134	_wPutc	UNDF	 27
013c	.L16	TEXT	 30
0142	.L14	TEXT	 28
0147	.L19	TEXT	 33
014d	.L21	TEXT	 35
014f	.xi	DATA	  4
0156	.window	BSS	  7
0159	_wMove	UNDF	  8
0160	.window	BSS	  7
0163	_wPutc	UNDF	 27
016b	.L20	TEXT	 34
0171	.L18	TEXT	 32

DR領域
Addr	Name	Type	No.
0004	.L1	DATA	  1
0009	.L2	DATA	  3

*** 名前表 ***
No.	Name	Type	Value	Offset
0	@dispR.s	TEXT	0000	0000
1	.L1	DATA	0000	0009
2	.yi	DATA	0004	000d
3	.L2	DATA	0005	0011
4	.xi	DATA	0009	0015
5	.L3	TEXT	0176	0019
6	_showMusicName	TEXT	0000	001d
7	.window	BSS	0001	002c
8	_wMove	UNDF	0000	0034
9	_wPrintf	UNDF	0000	003b
10	_wPuts	UNDF	0000	0044
11	.L4	TEXT	0180	004b
12	_showArtistName	TEXT	0025	004f
13	.L5	TEXT	018a	005f
14	.L6	TEXT	0194	0063
15	.L7	TEXT	0199	0067
16	.L8	TEXT	019f	006b
17	.L9	TEXT	01a7	006f
18	_showPlaytime	TEXT	004a	0073
19	.L10	TEXT	01ad	0081
20	.L11	TEXT	01b7	0086
21	_showVolume	TEXT	00a7	008b
22	_createWinR	TEXT	00cf	0097
23	_newWin	UNDF	0000	00a3
24	_wClear	UNDF	0000	00ab
25	.L12	TEXT	00ec	00b3
26	.L13	TEXT	0113	00b8
27	_wPutc	UNDF	0000	00bd
28	.L14	TEXT	0115	00c4
29	.L15	TEXT	0143	00c9
30	.L16	TEXT	011b	00ce
31	.L17	TEXT	013d	00d3
32	.L18	TEXT	0144	00d8
33	.L19	TEXT	0172	00dd
34	.L20	TEXT	014a	00e2
35	.L21	TEXT	016c	00e7
36	_MEM	BSS	0001	00ec

*** 文字列表 ***
Offset	String
0000	@dispR.s
0009	.L1
000d	.yi
0011	.L2
0015	.xi
0019	.L3
001d	_showMusicName
002c	.window
0034	_wMove
003b	_wPrintf
0044	_wPuts
004b	.L4
004f	_showArtistName
005f	.L5
0063	.L6
0067	.L7
006b	.L8
006f	.L9
0073	_showPlaytime
0081	.L10
0086	.L11
008b	_showVolume
0097	_createWinR
00a3	_newWin
00ab	_wClear
00b3	.L12
00b8	.L13
00bd	_wPutc
00c4	.L14
00c9	.L15
00ce	.L16
00d3	.L17
00d8	.L18
00dd	.L19
00e2	.L20
00e7	.L21
00ec	_MEM
