*** 定数 ***

*** BSSセグメント ***
0000          	.L1	DS	39
0000          	.L2	DS	39
0000          	.L3	DS	39
0000          	.L4	DS	39
0000          	.L5	DS	39
0000          	.L6	DS	39
0000          	.L7	DS	39
0000          	.L8	DS	39
0000          	.L9	DS	39
0000          	.L10	DS	39
0000          	.L24	DS	39
0000          	_MEM	DS	1
0000          	.key	DS	1
0000          	.sem	DS	1

*** ヘッダ ***
magic = 0107
text  = 024c
data  = 0010
bss   = 01b0
syms  = 00c8
entry = 0000
trsize= 010e
drsize= 0018

*** TEXTセグメント ***
0000 c0c0     	.updateDisplayer	PUSH	FP
0001 0ccd     		LD	FP,SP
0002 c060     		PUSH	G6
0003 c070     		PUSH	G7
0004 a000 0000		CALL	_getDictLen
0006 0c60     		LD	G6,G0
0007 4477     		XOR	G7,G7
0008          	.L12
0008 287f 000a		CMP	G7,#10
000a 9500 002d		JGE	.L13
000c 0820 024d		LD	G2,.number
000e 1c27     		ADD	G2,G7
000f 2c26     		CMP	G2,G6
0010 9700 001a		JLT	.L15
0012 0820 0258		LD	G2,.displayer
0014 1c27     		ADD	G2,G7
0015 4444     		XOR	G4,G4
0016 1042 0000		ST	G4,0,G2
0018 9f00 0027		JMP	.L14
001a          	.L15
001a 0820 024d		LD	G2,.number
001c 1c27     		ADD	G2,G7
001d c020     		PUSH	G2
001e a000 0000		CALL	_getFileName
0020 18df 0001		ADD	SP,#1
0022 0820 0258		LD	G2,.displayer
0024 1c27     		ADD	G2,G7
0025 1002 0000		ST	G0,0,G2
0027          	.L14
0027 0c27     		LD	G2,G7
0028 182f 0001		ADD	G2,#1
002a 0c72     		LD	G7,G2
002b 9f00 0008		JMP	.L12
002d          	.L13
002d 0810 0258		LD	G1,.displayer
002f c010     		PUSH	G1
0030 a000 0000		CALL	_showDisplayer
0032 18df 0001		ADD	SP,#1
0034 c470     		POP	G7
0035 c460     		POP	G6
0036 c4c0     		POP	FP
0037 d000     		RET
0038 c0c0     	.skip	PUSH	FP
0039 0ccd     		LD	FP,SP
003a c060     		PUSH	G6
003b c070     		PUSH	G7
003c 0820 024d		LD	G2,.number
003e 182c 0002		ADD	G2,2,FP
0040 0c62     		LD	G6,G2
0041 a000 0000		CALL	_getDictLen
0043 0c70     		LD	G7,G0
0044 2c67     		CMP	G6,G7
0045 9700 004e		JLT	.L17
0047 0c27     		LD	G2,G7
0048 182f ffff		ADD	G2,#65535
004a 1020 024d		ST	G2,.number
004c 9f00 005a		JMP	.L16
004e          	.L17
004e 286f 0002		CMP	G6,#2
0050 9400 0058		JGT	.L19
0052 082f 0002		LD	G2,#2
0054 1020 024d		ST	G2,.number
0056 9f00 005a		JMP	.L18
0058          	.L19
0058 1060 024d		ST	G6,.number
005a          	.L18
005a          	.L16
005a c470     		POP	G7
005b c460     		POP	G6
005c c4c0     		POP	FP
005d d000     		RET
005e c0c0     	.next	PUSH	FP
005f 0ccd     		LD	FP,SP
0060 081f 0001		LD	G1,#1
0062 c010     		PUSH	G1
0063 a000 0038		CALL	.skip
0065 18df 0001		ADD	SP,#1
0067 a000 0000		CALL	.updateDisplayer
0069 c4c0     		POP	FP
006a d000     		RET
006b c0c0     	.back	PUSH	FP
006c 0ccd     		LD	FP,SP
006d 081f ffff		LD	G1,#65535
006f c010     		PUSH	G1
0070 a000 0038		CALL	.skip
0072 18df 0001		ADD	SP,#1
0074 a000 0000		CALL	.updateDisplayer
0076 c4c0     		POP	FP
0077 d000     		RET
0078 c0c0     	.changeRndMode	PUSH	FP
0079 0ccd     		LD	FP,SP
007a 0820 0259		LD	G2,.rndMode
007c 402f 0001		XOR	G2,#1
007e 1020 0259		ST	G2,.rndMode
0080 0810 0259		LD	G1,.rndMode
0082 c010     		PUSH	G1
0083 a000 0000		CALL	_showRndMode
0085 18df 0001		ADD	SP,#1
0087 c4c0     		POP	FP
0088 d000     		RET
0089 c0c0     	.changeLockMode	PUSH	FP
008a 0ccd     		LD	FP,SP
008b 0820 025a		LD	G2,.lockMode
008d 402f 0001		XOR	G2,#1
008f 1020 025a		ST	G2,.lockMode
0091 0810 025a		LD	G1,.lockMode
0093 c010     		PUSH	G1
0094 a000 0000		CALL	_showLockMode
0096 18df 0001		ADD	SP,#1
0098 c4c0     		POP	FP
0099 d000     		RET
009a c0c0     	.connectPath	PUSH	FP
009b 0ccd     		LD	FP,SP
009c c060     		PUSH	G6
009d c070     		PUSH	G7
009e 4466     		XOR	G6,G6
009f 4477     		XOR	G7,G7
00a0          	.L20
00a0 082c 0003		LD	G2,3,FP
00a2 1c27     		ADD	G2,G7
00a3 084c 0002		LD	G4,2,FP
00a5 1c46     		ADD	G4,G6
00a6 0822 0000		LD	G2,0,G2
00a8 1024 0000		ST	G2,0,G4
00aa 282f 0000		CMP	G2,#0
00ac 9000 00b8		JZ	.L21
00ae 0c27     		LD	G2,G7
00af 182f 0001		ADD	G2,#1
00b1 0c62     		LD	G6,G2
00b2 0c27     		LD	G2,G7
00b3 182f 0001		ADD	G2,#1
00b5 0c72     		LD	G7,G2
00b6 9f00 00a0		JMP	.L20
00b8          	.L21
00b8 082c 0002		LD	G2,2,FP
00ba 1c26     		ADD	G2,G6
00bb 084f 002f		LD	G4,#47
00bd 1042 0000		ST	G4,0,G2
00bf 0c26     		LD	G2,G6
00c0 182f 0001		ADD	G2,#1
00c2 0c62     		LD	G6,G2
00c3 4477     		XOR	G7,G7
00c4          	.L22
00c4 082c 0004		LD	G2,4,FP
00c6 1c27     		ADD	G2,G7
00c7 084c 0002		LD	G4,2,FP
00c9 1c46     		ADD	G4,G6
00ca 0822 0000		LD	G2,0,G2
00cc 1024 0000		ST	G2,0,G4
00ce 282f 0000		CMP	G2,#0
00d0 9000 00dc		JZ	.L23
00d2 0c26     		LD	G2,G6
00d3 182f 0001		ADD	G2,#1
00d5 0c62     		LD	G6,G2
00d6 0c27     		LD	G2,G7
00d7 182f 0001		ADD	G2,#1
00d9 0c72     		LD	G7,G2
00da 9f00 00c4		JMP	.L22
00dc          	.L23
00dc 082c 0002		LD	G2,2,FP
00de 1c26     		ADD	G2,G6
00df 4444     		XOR	G4,G4
00e0 1042 0000		ST	G4,0,G2
00e2 c470     		POP	G7
00e3 c460     		POP	G6
00e4 c4c0     		POP	FP
00e5 d000     		RET
00e6 c0c0     	_ctrlInit	PUSH	FP
00e7 0ccd     		LD	FP,SP
00e8 4411     		XOR	G1,G1
00e9 c010     		PUSH	G1
00ea a000 0000		CALL	_newSem
00ec 18df 0001		ADD	SP,#1
00ee 1000 0000		ST	G0,.sem
00f0 a000 0000		CALL	_createWinB
00f2 a000 0000		CALL	_createWinL
00f4 a000 0000		CALL	_playerInit
00f6 c4c0     		POP	FP
00f7 d000     		RET
00f8 c0c0     	_ctrlMain	PUSH	FP
00f9 0ccd     		LD	FP,SP
00fa c060     		PUSH	G6
00fb 4411     		XOR	G1,G1
00fc c010     		PUSH	G1
00fd 081f 0233		LD	G1,#.L25
00ff c010     		PUSH	G1
0100 0810 025b		LD	G1,.dpath
0102 c010     		PUSH	G1
0103 a000 0000		CALL	_strcpy
0105 18df 0003		ADD	SP,#3
0107 0810 025b		LD	G1,.dpath
0109 c010     		PUSH	G1
010a a000 0000		CALL	_newDict
010c 18df 0001		ADD	SP,#1
010e a000 0000		CALL	.updateDisplayer
0110 0810 0259		LD	G1,.rndMode
0112 c010     		PUSH	G1
0113 a000 0000		CALL	_showRndMode
0115 18df 0001		ADD	SP,#1
0117 0810 025a		LD	G1,.lockMode
0119 c010     		PUSH	G1
011a a000 0000		CALL	_showLockMode
011c 18df 0001		ADD	SP,#1
011e 081f 023b		LD	G1,#.L26
0120 c010     		PUSH	G1
0121 a000 0000		CALL	_showKeybind
0123 18df 0001		ADD	SP,#1
0125          	.L28
0125 081f 01f4		LD	G1,#500
0127 c010     		PUSH	G1
0128 a000 0000		CALL	_sleep
012a 18df 0001		ADD	SP,#1
012c 081f 0027		LD	G1,#39
012e c010     		PUSH	G1
012f a000 0000		CALL	_malloc
0131 18df 0001		ADD	SP,#1
0133 0c60     		LD	G6,G0
0134 0810 0000		LD	G1,.sem
0136 c010     		PUSH	G1
0137 a000 0000		CALL	_semP
0139 18df 0001		ADD	SP,#1
013b 0820 024c		LD	G2,.proidx
013d 282f 0002		CMP	G2,#2
013f 9800 01f7		JNZ	.L31
0141 0820 025a		LD	G2,.lockMode
0143 402f 0001		XOR	G2,#1
0145 282f 0000		CMP	G2,#0
0147 9000 01ed		JZ	.L32
0149 0820 0000		LD	G2,.key
014b 282f 0077		CMP	G2,#119
014d 9800 0153		JNZ	.L34
014f a000 006b		CALL	.back
0151 9f00 01ed		JMP	.L33
0153          	.L34
0153 0820 0000		LD	G2,.key
0155 282f 0073		CMP	G2,#115
0157 9800 015d		JNZ	.L36
0159 a000 005e		CALL	.next
015b 9f00 01ed		JMP	.L35
015d          	.L36
015d 0820 0000		LD	G2,.key
015f 282f 0071		CMP	G2,#113
0161 9800 017e		JNZ	.L38
0163 4411     		XOR	G1,G1
0164 c010     		PUSH	G1
0165 081f 0244		LD	G1,#.L27
0167 c010     		PUSH	G1
0168 0810 025b		LD	G1,.dpath
016a c010     		PUSH	G1
016b a000 0000		CALL	_strcpy
016d 18df 0003		ADD	SP,#3
016f 0810 025b		LD	G1,.dpath
0171 c010     		PUSH	G1
0172 a000 0000		CALL	_renewDict
0174 18df 0001		ADD	SP,#1
0176 082f 0002		LD	G2,#2
0178 1020 024d		ST	G2,.number
017a a000 0000		CALL	.updateDisplayer
017c 9f00 01ed		JMP	.L37
017e          	.L38
017e 0820 0000		LD	G2,.key
0180 282f 0070		CMP	G2,#112
0182 9800 01bd		JNZ	.L40
0184 0810 024d		LD	G1,.number
0186 c010     		PUSH	G1
0187 a000 0000		CALL	_getIsdir
0189 18df 0001		ADD	SP,#1
018b 280f 0000		CMP	G0,#0
018d 9800 01a3		JNZ	.L42
018f 0820 0258		LD	G2,.displayer
0191 0812 0000		LD	G1,0,G2
0193 c010     		PUSH	G1
0194 0810 025b		LD	G1,.dpath
0196 c010     		PUSH	G1
0197 c060     		PUSH	G6
0198 a000 009a		CALL	.connectPath
019a 18df 0003		ADD	SP,#3
019c c060     		PUSH	G6
019d a000 0000		CALL	_play
019f 18df 0001		ADD	SP,#1
01a1 9f00 01bb		JMP	.L41
01a3          	.L42
01a3 0820 0258		LD	G2,.displayer
01a5 0812 0000		LD	G1,0,G2
01a7 c010     		PUSH	G1
01a8 0810 025b		LD	G1,.dpath
01aa c010     		PUSH	G1
01ab 0810 025b		LD	G1,.dpath
01ad c010     		PUSH	G1
01ae a000 009a		CALL	.connectPath
01b0 18df 0003		ADD	SP,#3
01b2 0810 025b		LD	G1,.dpath
01b4 c010     		PUSH	G1
01b5 a000 0000		CALL	_renewDict
01b7 18df 0001		ADD	SP,#1
01b9 a000 0000		CALL	.updateDisplayer
01bb          	.L41
01bb 9f00 01ed		JMP	.L39
01bd          	.L40
01bd 0820 0000		LD	G2,.key
01bf 282f 006f		CMP	G2,#111
01c1 9800 01c7		JNZ	.L44
01c3 a000 0000		CALL	_stop
01c5 9f00 01ed		JMP	.L43
01c7          	.L44
01c7 0820 0000		LD	G2,.key
01c9 282f 0069		CMP	G2,#105
01cb 9800 01d1		JNZ	.L46
01cd a000 0000		CALL	_pause
01cf 9f00 01ed		JMP	.L45
01d1          	.L46
01d1 0820 0000		LD	G2,.key
01d3 282f 0068		CMP	G2,#104
01d5 9800 01db		JNZ	.L48
01d7 a000 0000		CALL	_volumeUp
01d9 9f00 01ed		JMP	.L47
01db          	.L48
01db 0820 0000		LD	G2,.key
01dd 282f 006a		CMP	G2,#106
01df 9800 01e5		JNZ	.L50
01e1 a000 0000		CALL	_volumeDown
01e3 9f00 01ed		JMP	.L49
01e5          	.L50
01e5 0820 0000		LD	G2,.key
01e7 282f 0072		CMP	G2,#114
01e9 9800 01ed		JNZ	.L51
01eb a000 0078		CALL	.changeRndMode
01ed          	.L51
01ed          	.L49
01ed          	.L47
01ed          	.L45
01ed          	.L43
01ed          	.L39
01ed          	.L37
01ed          	.L35
01ed          	.L33
01ed          	.L32
01ed 0820 0000		LD	G2,.key
01ef 282f 006c		CMP	G2,#108
01f1 9800 01f5		JNZ	.L52
01f3 a000 0089		CALL	.changeLockMode
01f5          	.L52
01f5 9f00 0201		JMP	.L30
01f7          	.L31
01f7 0820 024c		LD	G2,.proidx
01f9 282f 0003		CMP	G2,#3
01fb 9800 0201		JNZ	.L53
01fd a000 005e		CALL	.next
01ff a000 0000		CALL	_stop
0201          	.L53
0201          	.L30
0201 c060     		PUSH	G6
0202 a000 0000		CALL	_free
0204 18df 0001		ADD	SP,#1
0206 9f00 0125		JMP	.L28
0208          	.L29
0208 c460     		POP	G6
0209 c4c0     		POP	FP
020a d000     		RET
020b c0c0     	_detectSec	PUSH	FP
020c 0ccd     		LD	FP,SP
020d a000 0000		CALL	_countUp
020f c4c0     		POP	FP
0210 d000     		RET
0211 c0c0     	_detectKey	PUSH	FP
0212 0ccd     		LD	FP,SP
0213 082c 0002		LD	G2,2,FP
0215 1020 0000		ST	G2,.key
0217 082f 0002		LD	G2,#2
0219 1020 024c		ST	G2,.proidx
021b 0810 0000		LD	G1,.sem
021d c010     		PUSH	G1
021e a000 0000		CALL	_semV
0220 18df 0001		ADD	SP,#1
0222 c4c0     		POP	FP
0223 d000     		RET
0224 c0c0     	_detectEOF	PUSH	FP
0225 0ccd     		LD	FP,SP
0226 082f 0003		LD	G2,#3
0228 1020 024c		ST	G2,.proidx
022a 0810 0000		LD	G1,.sem
022c c010     		PUSH	G1
022d a000 0000		CALL	_semV
022f 18df 0001		ADD	SP,#1
0231 c4c0     		POP	FP
0232 d000     		RET
0233 0050 004c	.L25	STRING	"PLAYERS"
0235 0041 0059
0237 0045 0052
0239 0053 0000
023b 0068 0065	.L26	STRING	"help.txt"
023d 006c 0070
023f 002e 0074
0241 0078 0074
0243 0000
0244 0050 004c	.L27	STRING	"PLAYERS"
0246 0041 0059
0248 0045 0052
024a 0053 0000

*** DATAセグメント ***
024c 0000     	.proidx	DC	0
024d 0002     	.number	DC	2
024e 0000     	.L11	DC	.L1
024f 0000     		DC	.L2
0250 0000     		DC	.L3
0251 0000     		DC	.L4
0252 0000     		DC	.L5
0253 0000     		DC	.L6
0254 0000     		DC	.L7
0255 0000     		DC	.L8
0256 0000     		DC	.L9
0257 0000     		DC	.L10
0258 024e     	.displayer	DC	.L11
0259 0000     	.rndMode	DC	0
025a 0000     	.lockMode	DC	0
025b 0000     	.dpath	DC	.L24

*** 再配置表 ***
TR領域
Addr	Name	Type	No.
0005	_getDictLen	UNDF	 18
000b	.L13	TEXT	 20
000d	.number	DATA	  2
0011	.L15	TEXT	 21
0013	.displayer	DATA	 14
0019	.L14	TEXT	 22
001b	.number	DATA	  2
001f	_getFileName	UNDF	 23
0023	.displayer	DATA	 14
002c	.L12	TEXT	 19
002e	.displayer	DATA	 14
0031	_showDisplayer	UNDF	 24
003d	.number	DATA	  2
0042	_getDictLen	UNDF	 18
0046	.L17	TEXT	 26
004b	.number	DATA	  2
004d	.L16	TEXT	 27
0051	.L19	TEXT	 28
0055	.number	DATA	  2
0057	.L18	TEXT	 29
0059	.number	DATA	  2
0064	.skip	TEXT	 25
0068	.updateDisplayer	TEXT	 17
0071	.skip	TEXT	 25
0075	.updateDisplayer	TEXT	 17
007b	.rndMode	DATA	 15
007f	.rndMode	DATA	 15
0081	.rndMode	DATA	 15
0084	_showRndMode	UNDF	 33
008c	.lockMode	DATA	 16
0090	.lockMode	DATA	 16
0092	.lockMode	DATA	 16
0095	_showLockMode	UNDF	 35
00ad	.L21	TEXT	 38
00b7	.L20	TEXT	 37
00d1	.L23	TEXT	 40
00db	.L22	TEXT	 39
00eb	_newSem	UNDF	 42
00ef	.sem	BSS	 43
00f1	_createWinB	UNDF	 44
00f3	_createWinL	UNDF	 45
00f5	_playerInit	UNDF	 46
00fe	.L25	TEXT	 49
0101	.dpath	DATA	 48
0104	_strcpy	UNDF	 53
0108	.dpath	DATA	 48
010b	_newDict	UNDF	 54
010f	.updateDisplayer	TEXT	 17
0111	.rndMode	DATA	 15
0114	_showRndMode	UNDF	 33
0118	.lockMode	DATA	 16
011b	_showLockMode	UNDF	 35
011f	.L26	TEXT	 50
0122	_showKeybind	UNDF	 55
0129	_sleep	UNDF	 57
0130	_malloc	UNDF	 58
0135	.sem	BSS	 43
0138	_semP	UNDF	 59
013c	.proidx	DATA	  1
0140	.L31	TEXT	 60
0142	.lockMode	DATA	 16
0148	.L32	TEXT	 61
014a	.key	BSS	 62
014e	.L34	TEXT	 63
0150	.back	TEXT	 31
0152	.L33	TEXT	 64
0154	.key	BSS	 62
0158	.L36	TEXT	 65
015a	.next	TEXT	 30
015c	.L35	TEXT	 66
015e	.key	BSS	 62
0162	.L38	TEXT	 67
0166	.L27	TEXT	 51
0169	.dpath	DATA	 48
016c	_strcpy	UNDF	 53
0170	.dpath	DATA	 48
0173	_renewDict	UNDF	 68
0179	.number	DATA	  2
017b	.updateDisplayer	TEXT	 17
017d	.L37	TEXT	 69
017f	.key	BSS	 62
0183	.L40	TEXT	 70
0185	.number	DATA	  2
0188	_getIsdir	UNDF	 71
018e	.L42	TEXT	 72
0190	.displayer	DATA	 14
0195	.dpath	DATA	 48
0199	.connectPath	TEXT	 36
019e	_play	UNDF	 73
01a2	.L41	TEXT	 74
01a4	.displayer	DATA	 14
01a9	.dpath	DATA	 48
01ac	.dpath	DATA	 48
01af	.connectPath	TEXT	 36
01b3	.dpath	DATA	 48
01b6	_renewDict	UNDF	 68
01ba	.updateDisplayer	TEXT	 17
01bc	.L39	TEXT	 75
01be	.key	BSS	 62
01c2	.L44	TEXT	 76
01c4	_stop	UNDF	 77
01c6	.L43	TEXT	 78
01c8	.key	BSS	 62
01cc	.L46	TEXT	 79
01ce	_pause	UNDF	 80
01d0	.L45	TEXT	 81
01d2	.key	BSS	 62
01d6	.L48	TEXT	 82
01d8	_volumeUp	UNDF	 83
01da	.L47	TEXT	 84
01dc	.key	BSS	 62
01e0	.L50	TEXT	 85
01e2	_volumeDown	UNDF	 86
01e4	.L49	TEXT	 87
01e6	.key	BSS	 62
01ea	.L51	TEXT	 88
01ec	.changeRndMode	TEXT	 32
01ee	.key	BSS	 62
01f2	.L52	TEXT	 89
01f4	.changeLockMode	TEXT	 34
01f6	.L30	TEXT	 90
01f8	.proidx	DATA	  1
01fc	.L53	TEXT	 91
01fe	.next	TEXT	 30
0200	_stop	UNDF	 77
0203	_free	UNDF	 92
0207	.L28	TEXT	 56
020e	_countUp	UNDF	 95
0216	.key	BSS	 62
021a	.proidx	DATA	  1
021c	.sem	BSS	 43
021f	_semV	UNDF	 97
0229	.proidx	DATA	  1
022b	.sem	BSS	 43
022e	_semV	UNDF	 97

DR領域
Addr	Name	Type	No.
0002	.L1	BSS	  3
0003	.L2	BSS	  4
0004	.L3	BSS	  5
0005	.L4	BSS	  6
0006	.L5	BSS	  7
0007	.L6	BSS	  8
0008	.L7	BSS	  9
0009	.L8	BSS	 10
000a	.L9	BSS	 11
000b	.L10	BSS	 12
000c	.L11	DATA	 13
000f	.L24	BSS	 47

*** 名前表 ***
No.	Name	Type	Value	Offset
0	@ctrlMain.s	TEXT	0000	0000
1	.proidx	DATA	0000	000c
2	.number	DATA	0001	0014
3	.L1	BSS	0027	001c
4	.L2	BSS	0027	0020
5	.L3	BSS	0027	0024
6	.L4	BSS	0027	0028
7	.L5	BSS	0027	002c
8	.L6	BSS	0027	0030
9	.L7	BSS	0027	0034
10	.L8	BSS	0027	0038
11	.L9	BSS	0027	003c
12	.L10	BSS	0027	0040
13	.L11	DATA	0002	0045
14	.displayer	DATA	000c	004a
15	.rndMode	DATA	000d	0055
16	.lockMode	DATA	000e	005e
17	.updateDisplayer	TEXT	0000	0068
18	_getDictLen	UNDF	0000	0079
19	.L12	TEXT	0008	0085
20	.L13	TEXT	002d	008a
21	.L15	TEXT	001a	008f
22	.L14	TEXT	0027	0094
23	_getFileName	UNDF	0000	0099
24	_showDisplayer	UNDF	0000	00a6
25	.skip	TEXT	0038	00b5
26	.L17	TEXT	004e	00bb
27	.L16	TEXT	005a	00c0
28	.L19	TEXT	0058	00c5
29	.L18	TEXT	005a	00ca
30	.next	TEXT	005e	00cf
31	.back	TEXT	006b	00d5
32	.changeRndMode	TEXT	0078	00db
33	_showRndMode	UNDF	0000	00ea
34	.changeLockMode	TEXT	0089	00f7
35	_showLockMode	UNDF	0000	0107
36	.connectPath	TEXT	009a	0115
37	.L20	TEXT	00a0	0122
38	.L21	TEXT	00b8	0127
39	.L22	TEXT	00c4	012c
40	.L23	TEXT	00dc	0131
41	_ctrlInit	TEXT	00e6	0136
42	_newSem	UNDF	0000	0140
43	.sem	BSS	0001	0148
44	_createWinB	UNDF	0000	014d
45	_createWinL	UNDF	0000	0159
46	_playerInit	UNDF	0000	0165
47	.L24	BSS	0027	0171
48	.dpath	DATA	000f	0176
49	.L25	TEXT	0233	017d
50	.L26	TEXT	023b	0182
51	.L27	TEXT	0244	0187
52	_ctrlMain	TEXT	00f8	018c
53	_strcpy	UNDF	0000	0196
54	_newDict	UNDF	0000	019e
55	_showKeybind	UNDF	0000	01a7
56	.L28	TEXT	0125	01b4
57	_sleep	UNDF	0000	01b9
58	_malloc	UNDF	0000	01c0
59	_semP	UNDF	0000	01c8
60	.L31	TEXT	01f7	01ce
61	.L32	TEXT	01ed	01d3
62	.key	BSS	0001	01d8
63	.L34	TEXT	0153	01dd
64	.L33	TEXT	01ed	01e2
65	.L36	TEXT	015d	01e7
66	.L35	TEXT	01ed	01ec
67	.L38	TEXT	017e	01f1
68	_renewDict	UNDF	0000	01f6
69	.L37	TEXT	01ed	0201
70	.L40	TEXT	01bd	0206
71	_getIsdir	UNDF	0000	020b
72	.L42	TEXT	01a3	0215
73	_play	UNDF	0000	021a
74	.L41	TEXT	01bb	0220
75	.L39	TEXT	01ed	0225
76	.L44	TEXT	01c7	022a
77	_stop	UNDF	0000	022f
78	.L43	TEXT	01ed	0235
79	.L46	TEXT	01d1	023a
80	_pause	UNDF	0000	023f
81	.L45	TEXT	01ed	0246
82	.L48	TEXT	01db	024b
83	_volumeUp	UNDF	0000	0250
84	.L47	TEXT	01ed	025a
85	.L50	TEXT	01e5	025f
86	_volumeDown	UNDF	0000	0264
87	.L49	TEXT	01ed	0270
88	.L51	TEXT	01ed	0275
89	.L52	TEXT	01f5	027a
90	.L30	TEXT	0201	027f
91	.L53	TEXT	0201	0284
92	_free	UNDF	0000	0289
93	.L29	TEXT	0208	028f
94	_detectSec	TEXT	020b	0294
95	_countUp	UNDF	0000	029f
96	_detectKey	TEXT	0211	02a8
97	_semV	UNDF	0000	02b3
98	_detectEOF	TEXT	0224	02b9
99	_MEM	BSS	0001	02c4

*** 文字列表 ***
Offset	String
0000	@ctrlMain.s
000c	.proidx
0014	.number
001c	.L1
0020	.L2
0024	.L3
0028	.L4
002c	.L5
0030	.L6
0034	.L7
0038	.L8
003c	.L9
0040	.L10
0045	.L11
004a	.displayer
0055	.rndMode
005e	.lockMode
0068	.updateDisplayer
0079	_getDictLen
0085	.L12
008a	.L13
008f	.L15
0094	.L14
0099	_getFileName
00a6	_showDisplayer
00b5	.skip
00bb	.L17
00c0	.L16
00c5	.L19
00ca	.L18
00cf	.next
00d5	.back
00db	.changeRndMode
00ea	_showRndMode
00f7	.changeLockMode
0107	_showLockMode
0115	.connectPath
0122	.L20
0127	.L21
012c	.L22
0131	.L23
0136	_ctrlInit
0140	_newSem
0148	.sem
014d	_createWinB
0159	_createWinL
0165	_playerInit
0171	.L24
0176	.dpath
017d	.L25
0182	.L26
0187	.L27
018c	_ctrlMain
0196	_strcpy
019e	_newDict
01a7	_showKeybind
01b4	.L28
01b9	_sleep
01c0	_malloc
01c8	_semP
01ce	.L31
01d3	.L32
01d8	.key
01dd	.L34
01e2	.L33
01e7	.L36
01ec	.L35
01f1	.L38
01f6	_renewDict
0201	.L37
0206	.L40
020b	_getIsdir
0215	.L42
021a	_play
0220	.L41
0225	.L39
022a	.L44
022f	_stop
0235	.L43
023a	.L46
023f	_pause
0246	.L45
024b	.L48
0250	_volumeUp
025a	.L47
025f	.L50
0264	_volumeDown
0270	.L49
0275	.L51
027a	.L52
027f	.L30
0284	.L53
0289	_free
028f	.L29
0294	_detectSec
029f	_countUp
02a8	_detectKey
02b3	_semV
02b9	_detectEOF
02c4	_MEM
